<?xml version="1.0" encoding="UTF-8"?>
<testng-results skipped="0" failed="1" ignored="18" total="27" passed="8">
  <reporter-output>
    <line>
      <![CDATA[Browser opened.]]>
    </line>
    <line>
      <![CDATA[Travel site  opened.]]>
    </line>
    <line>
      <![CDATA[User successfully logged in.]]>
    </line>
    <line>
      <![CDATA[Signin Screenshot taken.]]>
    </line>
    <line>
      <![CDATA[Service class: First class seleceted.]]>
    </line>
    <line>
      <![CDATA[Airlines: 'Unified' seleceted.]]>
    </line>
    <line>
      <![CDATA[Preferences Screenshot taken.]]>
    </line>
    <line>
      <![CDATA[Continue button clicked to find flights.]]>
    </line>
    <line>
      <![CDATA[Continue to flights snapshot taken/saved.]]>
    </line>
    <line>
      <![CDATA[Continue to reservation snapshot taken/saved.]]>
    </line>
    <line>
      <![CDATA[Passengers(2) details furnished.]]>
    </line>
    <line>
      <![CDATA[Credit card details furnished.]]>
    </line>
    <line>
      <![CDATA[Billing address furnised.]]>
    </line>
    <line>
      <![CDATA[Delivery address furnised.]]>
    </line>
    <line>
      <![CDATA[Alert accepted.]]>
    </line>
    <line>
      <![CDATA[Same as billing address option clicked.]]>
    </line>
    <line>
      <![CDATA[Book flight screenshot taken/saved.]]>
    </line>
    <line>
      <![CDATA[Purchase confirmation  screenshot taken/saved.]]>
    </line>
    <line>
      <![CDATA[Purchase has been successful.]]>
    </line>
    <line>
      <![CDATA[Purchase Validation done.]]>
    </line>
    <line>
      <![CDATA[Returned to home screen.]]>
    </line>
    <line>
      <![CDATA[Browser closed.]]>
    </line>
  </reporter-output>
  <suite name="Suite" duration-ms="57313" started-at="2020-06-24T14:03:58 BST" finished-at="2020-06-24T14:04:55 BST">
    <groups>
    </groups>
    <test name="Test" duration-ms="57313" started-at="2020-06-24T14:03:58 BST" finished-at="2020-06-24T14:04:55 BST">
      <class name="com.mercury.testcases.TC1">
        <test-method status="PASS" signature="testLogin()[pri:0, instance:com.mercury.testcases.TC1@33cb5951]" name="testLogin" duration-ms="6949" started-at="2020-06-24T14:04:10 BST" finished-at="2020-06-24T14:04:17 BST">
          <reporter-output>
            <line>
              <![CDATA[User successfully logged in.]]>
            </line>
            <line>
              <![CDATA[Signin Screenshot taken.]]>
            </line>
          </reporter-output>
        </test-method> <!-- testLogin -->
      </class> <!-- com.mercury.testcases.TC1 -->
      <class name="com.mercury.testcases.TC3">
        <test-method status="PASS" signature="testpreferences()[pri:0, instance:com.mercury.testcases.TC3@701fc37a]" name="testpreferences" duration-ms="3753" started-at="2020-06-24T14:04:21 BST" finished-at="2020-06-24T14:04:25 BST">
          <reporter-output>
            <line>
              <![CDATA[Service class: First class seleceted.]]>
            </line>
            <line>
              <![CDATA[Airlines: 'Unified' seleceted.]]>
            </line>
            <line>
              <![CDATA[Preferences Screenshot taken.]]>
            </line>
          </reporter-output>
        </test-method> <!-- testpreferences -->
      </class> <!-- com.mercury.testcases.TC3 -->
      <class name="com.mercury.testcases.TC2">
        <test-method status="FAIL" signature="testflightdetails()[pri:0, instance:com.mercury.testcases.TC2@365c30cc]" name="testflightdetails" duration-ms="4336" started-at="2020-06-24T14:04:17 BST" finished-at="2020-06-24T14:04:21 BST">
          <exception class="java.lang.AssertionError">
            <message>
              <![CDATA[expected [] but found [LOndon]]]>
            </message>
            <full-stacktrace>
              <![CDATA[java.lang.AssertionError: expected [] but found [LOndon]
at org.testng.Assert.fail(Assert.java:97)
at org.testng.Assert.assertEqualsImpl(Assert.java:136)
at org.testng.Assert.assertEquals(Assert.java:118)
at org.testng.Assert.assertEquals(Assert.java:575)
at org.testng.Assert.assertEquals(Assert.java:585)
at com.mercury.pages.Page_FlightDetails.departfrom(Page_FlightDetails.java:42)
at com.mercury.flows.Flow_FlightDetails.flightDetails(Flow_FlightDetails.java:14)
at com.mercury.testcases.TC2.testflightdetails(TC2.java:15)
at sun.reflect.NativeMethodAccessorImpl.invoke0(Native Method)
at sun.reflect.NativeMethodAccessorImpl.invoke(NativeMethodAccessorImpl.java:62)
at sun.reflect.DelegatingMethodAccessorImpl.invoke(DelegatingMethodAccessorImpl.java:43)
at java.lang.reflect.Method.invoke(Method.java:498)
at org.testng.internal.MethodInvocationHelper.invokeMethod(MethodInvocationHelper.java:135)
at org.testng.internal.TestInvoker.invokeMethod(TestInvoker.java:598)
at org.testng.internal.TestInvoker.invokeTestMethod(TestInvoker.java:174)
at org.testng.internal.MethodRunner.runInSequence(MethodRunner.java:46)
at org.testng.internal.TestInvoker$MethodInvocationAgent.invoke(TestInvoker.java:821)
at org.testng.internal.TestInvoker.invokeTestMethods(TestInvoker.java:147)
at org.testng.internal.TestMethodWorker.invokeTestMethods(TestMethodWorker.java:146)
at org.testng.internal.TestMethodWorker.run(TestMethodWorker.java:128)
at java.util.ArrayList.forEach(ArrayList.java:1257)
at org.testng.TestRunner.privateRun(TestRunner.java:767)
at org.testng.TestRunner.run(TestRunner.java:588)
at org.testng.SuiteRunner.runTest(SuiteRunner.java:384)
at org.testng.SuiteRunner.runSequentially(SuiteRunner.java:378)
at org.testng.SuiteRunner.privateRun(SuiteRunner.java:337)
at org.testng.SuiteRunner.run(SuiteRunner.java:286)
at org.testng.SuiteRunnerWorker.runSuite(SuiteRunnerWorker.java:53)
at org.testng.SuiteRunnerWorker.run(SuiteRunnerWorker.java:96)
at org.testng.TestNG.runSuitesSequentially(TestNG.java:1214)
at org.testng.TestNG.runSuitesLocally(TestNG.java:1136)
at org.testng.TestNG.runSuites(TestNG.java:1066)
at org.testng.TestNG.run(TestNG.java:1034)
at org.testng.remote.AbstractRemoteTestNG.run(AbstractRemoteTestNG.java:115)
at org.testng.remote.RemoteTestNG.initAndRun(RemoteTestNG.java:251)
at org.testng.remote.RemoteTestNG.main(RemoteTestNG.java:77)
]]>
            </full-stacktrace>
          </exception> <!-- java.lang.AssertionError -->
          <reporter-output>
          </reporter-output>
        </test-method> <!-- testflightdetails -->
      </class> <!-- com.mercury.testcases.TC2 -->
      <class name="com.mercury.testcases.TC9">
        <test-method status="PASS" signature="testpurchaseandvalidation()[pri:0, instance:com.mercury.testcases.TC9@5e25a92e]" name="testpurchaseandvalidation" duration-ms="5150" started-at="2020-06-24T14:04:48 BST" finished-at="2020-06-24T14:04:53 BST">
          <reporter-output>
            <line>
              <![CDATA[Purchase confirmation  screenshot taken/saved.]]>
            </line>
            <line>
              <![CDATA[Purchase has been successful.]]>
            </line>
            <line>
              <![CDATA[Purchase Validation done.]]>
            </line>
            <line>
              <![CDATA[Returned to home screen.]]>
            </line>
          </reporter-output>
        </test-method> <!-- testpurchaseandvalidation -->
      </class> <!-- com.mercury.testcases.TC9 -->
      <class name="com.mercury.testcases.TC8">
        <test-method status="PASS" signature="testdeliveryaddress()[pri:0, instance:com.mercury.testcases.TC8@76329302]" name="testdeliveryaddress" duration-ms="7257" started-at="2020-06-24T14:04:41 BST" finished-at="2020-06-24T14:04:48 BST">
          <reporter-output>
            <line>
              <![CDATA[Delivery address furnised.]]>
            </line>
            <line>
              <![CDATA[Alert accepted.]]>
            </line>
            <line>
              <![CDATA[Same as billing address option clicked.]]>
            </line>
            <line>
              <![CDATA[Book flight screenshot taken/saved.]]>
            </line>
          </reporter-output>
        </test-method> <!-- testdeliveryaddress -->
      </class> <!-- com.mercury.testcases.TC8 -->
      <class name="com.mercury.testcases.TC5">
        <test-method status="PASS" signature="testpassengers()[pri:0, instance:com.mercury.testcases.TC5@282003e1]" name="testpassengers" duration-ms="4566" started-at="2020-06-24T14:04:29 BST" finished-at="2020-06-24T14:04:34 BST">
          <reporter-output>
            <line>
              <![CDATA[Passengers(2) details furnished.]]>
            </line>
          </reporter-output>
        </test-method> <!-- testpassengers -->
      </class> <!-- com.mercury.testcases.TC5 -->
      <class name="com.mercury.testcases.TC4">
        <test-method status="PASS" signature="testContinuetoReserve()[pri:0, instance:com.mercury.testcases.TC4@4148db48]" name="testContinuetoReserve" duration-ms="4098" started-at="2020-06-24T14:04:25 BST" finished-at="2020-06-24T14:04:29 BST">
          <reporter-output>
            <line>
              <![CDATA[Continue button clicked to find flights.]]>
            </line>
            <line>
              <![CDATA[Continue to flights snapshot taken/saved.]]>
            </line>
            <line>
              <![CDATA[Continue to reservation snapshot taken/saved.]]>
            </line>
          </reporter-output>
        </test-method> <!-- testContinuetoReserve -->
      </class> <!-- com.mercury.testcases.TC4 -->
      <class name="com.mercury.testcases.TC7">
        <test-method status="PASS" signature="testbillingaddress()[pri:0, instance:com.mercury.testcases.TC7@71a794e5]" name="testbillingaddress" duration-ms="3706" started-at="2020-06-24T14:04:37 BST" finished-at="2020-06-24T14:04:41 BST">
          <reporter-output>
            <line>
              <![CDATA[Billing address furnised.]]>
            </line>
          </reporter-output>
        </test-method> <!-- testbillingaddress -->
      </class> <!-- com.mercury.testcases.TC7 -->
      <class name="com.mercury.testcases.TC6">
        <test-method status="PASS" signature="testcreditcard()[pri:0, instance:com.mercury.testcases.TC6@7fad8c79]" name="testcreditcard" duration-ms="3556" started-at="2020-06-24T14:04:34 BST" finished-at="2020-06-24T14:04:37 BST">
          <reporter-output>
            <line>
              <![CDATA[Credit card details furnished.]]>
            </line>
          </reporter-output>
        </test-method> <!-- testcreditcard -->
      </class> <!-- com.mercury.testcases.TC6 -->
      <class name="com.mercury.basedriver.Basedriver">
        <test-method status="PASS" signature="basedriverAndLaunchURL()[pri:0, instance:com.mercury.basedriver.Basedriver@32a068d1]" name="basedriverAndLaunchURL" is-config="true" duration-ms="12053" started-at="2020-06-24T14:03:58 BST" finished-at="2020-06-24T14:04:10 BST">
          <reporter-output>
            <line>
              <![CDATA[Browser opened.]]>
            </line>
            <line>
              <![CDATA[Travel site  opened.]]>
            </line>
          </reporter-output>
        </test-method> <!-- basedriverAndLaunchURL -->
        <test-method status="PASS" signature="closebrowser()[pri:0, instance:com.mercury.basedriver.Basedriver@32a068d1]" name="closebrowser" is-config="true" duration-ms="1848" started-at="2020-06-24T14:04:53 BST" finished-at="2020-06-24T14:04:55 BST">
          <reporter-output>
            <line>
              <![CDATA[Browser closed.]]>
            </line>
          </reporter-output>
        </test-method> <!-- closebrowser -->
      </class> <!-- com.mercury.basedriver.Basedriver -->
    </test> <!-- Test -->
  </suite> <!-- Suite -->
</testng-results>
